c:\users\usuario\source\repos\aa4-decisions-davidcastro_pedrogonzalez_victorromero\sdl_pathfinding\sdl_pathfinding\debug\vc143.pdb
c:\users\usuario\source\repos\aa4-decisions-davidcastro_pedrogonzalez_victorromero\sdl_pathfinding\sdl_pathfinding\debug\vc143.idb
c:\users\usuario\source\repos\aa4-decisions-davidcastro_pedrogonzalez_victorromero\sdl_pathfinding\sdl_pathfinding\debug\utils.obj
c:\users\usuario\source\repos\aa4-decisions-davidcastro_pedrogonzalez_victorromero\sdl_pathfinding\sdl_pathfinding\debug\seek.obj
c:\users\usuario\source\repos\aa4-decisions-davidcastro_pedrogonzalez_victorromero\sdl_pathfinding\sdl_pathfinding\debug\sdl_simpleapp.obj
c:\users\usuario\source\repos\aa4-decisions-davidcastro_pedrogonzalez_victorromero\sdl_pathfinding\sdl_pathfinding\debug\scenepathfindingmouse.obj
c:\users\usuario\source\repos\aa4-decisions-davidcastro_pedrogonzalez_victorromero\sdl_pathfinding\sdl_pathfinding\debug\scenegoap.obj
c:\users\usuario\source\repos\aa4-decisions-davidcastro_pedrogonzalez_victorromero\sdl_pathfinding\sdl_pathfinding\debug\scenefsm.obj
c:\users\usuario\source\repos\aa4-decisions-davidcastro_pedrogonzalez_victorromero\sdl_pathfinding\sdl_pathfinding\debug\pathfollowing.obj
c:\users\usuario\source\repos\aa4-decisions-davidcastro_pedrogonzalez_victorromero\sdl_pathfinding\sdl_pathfinding\debug\main.obj
c:\users\usuario\source\repos\aa4-decisions-davidcastro_pedrogonzalez_victorromero\sdl_pathfinding\sdl_pathfinding\debug\grid.obj
c:\users\usuario\source\repos\aa4-decisions-davidcastro_pedrogonzalez_victorromero\sdl_pathfinding\sdl_pathfinding\debug\agent.obj
c:\users\usuario\source\repos\aa4-decisions-davidcastro_pedrogonzalez_victorromero\sdl_pathfinding\sdl_pathfinding\debug\sdl_pathfinding.ilk
c:\users\usuario\source\repos\aa4-decisions-davidcastro_pedrogonzalez_victorromero\bin\sdl_pathfinding.exe
c:\users\usuario\source\repos\aa4-decisions-davidcastro_pedrogonzalez_victorromero\bin\sdl_pathfinding.pdb
c:\users\usuario\source\repos\aa4-decisions-davidcastro_pedrogonzalez_victorromero\\bin\sdl_pathfinding.pdb
c:\users\usuario\source\repos\aa4-decisions-davidcastro_pedrogonzalez_victorromero\sdl_pathfinding\sdl_pathfinding\debug\sdl_pathfinding.tlog\cl.command.1.tlog
c:\users\usuario\source\repos\aa4-decisions-davidcastro_pedrogonzalez_victorromero\sdl_pathfinding\sdl_pathfinding\debug\sdl_pathfinding.tlog\cl.read.1.tlog
c:\users\usuario\source\repos\aa4-decisions-davidcastro_pedrogonzalez_victorromero\sdl_pathfinding\sdl_pathfinding\debug\sdl_pathfinding.tlog\cl.write.1.tlog
c:\users\usuario\source\repos\aa4-decisions-davidcastro_pedrogonzalez_victorromero\sdl_pathfinding\sdl_pathfinding\debug\sdl_pathfinding.tlog\link.command.1.tlog
c:\users\usuario\source\repos\aa4-decisions-davidcastro_pedrogonzalez_victorromero\sdl_pathfinding\sdl_pathfinding\debug\sdl_pathfinding.tlog\link.read.1.tlog
c:\users\usuario\source\repos\aa4-decisions-davidcastro_pedrogonzalez_victorromero\sdl_pathfinding\sdl_pathfinding\debug\sdl_pathfinding.tlog\link.write.1.tlog
